<component name="libraryTable">
  <library name="junit:junit:4.0" type="repository">
    <properties maven-id="junit:junit:4.0" />
    <ANNOTATIONS>
      <root url="file://$MAVEN_REPOSITORY$/junit/junit/4.13.1" />
    </ANNOTATIONS>
    <CLASSES>
      <root url="jar://$MAVEN_REPOSITORY$/junit/junit/4.0/junit-4.0.jar!/" />
    </CLASSES>
    <JAVADOC />
    <SOURCES />
  </library>
</component>